pegasi_simple/build/outputs/mapping/world/release/seeds.txt
com.cmcm.ads.BannerSampleActivity
com.cmcm.ads.BannerSampleActivity: BannerSampleActivity()
com.cmcm.ads.InterstitalAdSampleActivity
com.cmcm.ads.InterstitalAdSampleActivity: InterstitalAdSampleActivity()
com.cmcm.ads.MainActivity
com.cmcm.ads.MainActivity: MainActivity()
com.cmcm.ads.MainActivity: void click(android.view.View)
com.cmcm.ads.MyApplication
com.cmcm.ads.MyApplication: MyApplication()
com.cmcm.ads.NativeAdSampleActivity
com.cmcm.ads.NativeAdSampleActivity: NativeAdSampleActivity()
com.cmcm.ads.NativeAdSpreadSampleActivity
com.cmcm.ads.NativeAdSpreadSampleActivity: NativeAdSpreadSampleActivity()
com.cmcm.ads.ui.OrionNativeAdview
com.cmcm.ads.ui.OrionNativeAdview: OrionNativeAdview(android.content.Context,android.util.AttributeSet)
com.cmcm.ads.ui.OrionNativeAdview: OrionNativeAdview(android.content.Context,android.util.AttributeSet,int)
com.cmcm.ads.utils.VolleyUtil$BitmapLruCache
...
com.google.android.gms.common.zzc$zzbt$1
com.google.android.gms.common.zzc$zzbt$1: zzc$zzbt$1(byte[])
com.google.android.gms.common.zzc$zzbt$1: byte[] zzmV()
com.google.android.gms.common.zzc$zzbt$2
com.google.android.gms.common.zzc$zzbt$2: zzc$zzbt$2(byte[])
com.google.android.gms.common.zzc$zzbt$2: byte[] zzmV()
com.google.android.gms.common.zzc$zzbu
com.google.android.gms.common.zzc$zzbu: com.google.android.gms.common.zzc$zza[] zzYt
com.google.android.gms.common.zzc$zzbu: void <clinit>()
com.google.android.gms.common.zzc$zzbu$1
com.google.android.gms.common.zzc$zzbu$1: zzc$zzbu$1(byte[])
com.google.android.gms.common.zzc$zzbu$1: byte[] zzmV()
com.google.android.gms.common.zzc$zzbu$2
com.google.android.gms.common.zzc$zzbu$2: zzc$zzbu$2(byte[])
com.google.android.gms.common.zzc$zzbu$2: byte[] zzmV()
com.google.android.gms.common.zzc$zzbv
com.google.android.gms.common.zzc$zzbv: com.google.android.gms.common.zzc$zza[] zzYt
com.google.android.gms.common.zzc$zzbv: void <clinit>()
com.google.android.gms.common.zzc$zzbv$1
com.google.android.gms.common.zzc$zzbv$1: zzc$zzbv$1(byte[])
com.google.android.gms.common.zzc$zzbv$1: byte[] zzmV()
com.google.android.gms.common.zzc$zzbv$2
com.google.android.gms.common.zzc$zzbv$2: zzc$zzbv$2(byte[])
com.google.android.gms.common.zzc$zzbv$2: byte[] zzmV()
com.google.android.gms.common.zzc$zzbw
com.google.android.gms.common.zzc$zzbw: com.google.android.gms.common.zzc$zza[] zzYt
com.google.android.gms.common.zzc$zzbw: void <clinit>()
com.google.android.gms.common.zzc$zzbw$1
com.google.android.gms.common.zzc$zzbw$1: zzc$zzbw$1(byte[])
com.google.android.gms.common.zzc$zzbw$1: byte[] zzmV()
com.google.android.gms.common.zzc$zzbx
com.google.android.gms.common.zzc$zzbx: com.google.android.gms.common.zzc$zza[] zzYt
com.google.android.gms.common.zzc$zzbx: void <clinit>()
com.google.android.gms.common.zzc$zzbx$1
com.google.android.gms.common.zzc$zzbx$1: zzc$zzbx$1(byte[])
com.google.android.gms.common.zzc$zzbx$1: byte[] zzmV()
com.google.android.gms.common.zzc$zzbx$2
com.google.android.gms.common.zzc$zzbx$2: zzc$zzbx$2(byte[])
com.google.android.gms.common.zzc$zzbx$2: byte[] zzmV()
com.google.android.gms.common.zzc$zzby
com.google.android.gms.common.zzc$zzby: com.google.android.gms.common.zzc$zza[] zzYt
com.google.android.gms.common.zzc$zzby: void <clinit>()
com.google.android.gms.common.zzc$zzby$1
com.google.android.gms.common.zzc$zzby$1: zzc$zzby$1(byte[])
com.google.android.gms.common.zzc$zzby$1: byte[] zzmV()
com.google.android.gms.common.zzc$zzby$2
com.google.android.gms.common.zzc$zzby$2: zzc$zzby$2(byte[])
com.google.android.gms.common.zzc$zzby$2: byte[] zzmV()
com.google.android.gms.common.zzc$zzbz
com.google.android.gms.common.zzc$zzbz: com.google.android.gms.common.zzc$zza[] zzYt
com.google.android.gms.common.zzc$zzbz: void <clinit>()
com.google.android.gms.common.zzc$zzbz$1
com.google.android.gms.common.zzc$zzbz$1: zzc$zzbz$1(byte[])
com.google.android.gms.common.zzc$zzbz$1: byte[] zzmV()
com.google.android.gms.common.zzc$zzbz$2
com.google.android.gms.common.zzc$zzbz$2: zzc$zzbz$2(byte[])
com.google.android.gms.common.zzc$zzbz$2: byte[] zzmV()
com.google.android.gms.common.zzc$zzc
com.google.android.gms.common.zzc$zzc: java.lang.ref.WeakReference zzYr
com.google.android.gms.common.zzc$zzc: java.lang.ref.WeakReference zzYs
com.google.android.gms.common.zzc$zzc: zzc$zzc(byte[])
com.google.android.gms.common.zzc$zzc: byte[] getBytes()
com.google.android.gms.common.zzc$zzc: byte[] zzmV()
com.google.android.gms.common.zzc$zzc: void <clinit>()
com.google.android.gms.common.zzc$zzca
com.google.android.gms.common.zzc$zzca: com.google.android.gms.common.zzc$zza[] zzYt
com.google.android.gms.common.zzc$zzca: void <clinit>()
com.google.android.gms.common.zzc$zzca$1
com.google.android.gms.common.zzc$zzca$1: zzc$zzca$1(byte[])
com.google.android.gms.common.zzc$zzca$1: byte[] zzmV()