pegasi_simple/build/outputs/mapping/world/release/mapping.txt
com.cmcm.ads.BannerSampleActivity -> com.cmcm.ads.BannerSampleActivity:
    android.widget.FrameLayout mLinearLayout -> a
    android.widget.Button mBtn_load -> b
    java.lang.String mAdPosid -> c
    com.cmcm.adsdk.banner.CMNativeBannerView cmNativeBannerView -> d
    23:26:void <init>() -> <init>
    31:34:void onCreate(android.os.Bundle) -> onCreate
    1036:1052:void initUI():36:52 -> onCreate
    1036:1052:void onCreate(android.os.Bundle):33 -> onCreate
    93:97:void onDestroy() -> onDestroy
    23:23:void access$000(com.cmcm.ads.BannerSampleActivity,com.cmcm.adsdk.banner.CMBannerAdSize) -> a
    1055:1086:void showBanner(com.cmcm.adsdk.banner.CMBannerAdSize):55:86 -> a
    1055:1086:void access$000(com.cmcm.ads.BannerSampleActivity,com.cmcm.adsdk.banner.CMBannerAdSize):23 -> a
    23:23:android.widget.FrameLayout access$100(com.cmcm.ads.BannerSampleActivity) -> a
com.cmcm.ads.BannerSampleActivity$1 -> com.cmcm.ads.BannerSampleActivity$1:
    com.cmcm.ads.BannerSampleActivity this$0 -> a
    39:39:void <init>(com.cmcm.ads.BannerSampleActivity) -> <init>
    42:43:void onClick(android.view.View) -> onClick
com.cmcm.ads.BannerSampleActivity$2 -> com.cmcm.ads.BannerSampleActivity$2:
    com.cmcm.ads.BannerSampleActivity this$0 -> a
    46:46:void <init>(com.cmcm.ads.BannerSampleActivity) -> <init>
    49:50:void onClick(android.view.View) -> onClick
com.cmcm.ads.BannerSampleActivity$3 -> com.cmcm.ads.BannerSampleActivity$3:
    com.cmcm.ads.BannerSampleActivity this$0 -> a
    66:66:void <init>(com.cmcm.ads.BannerSampleActivity) -> <init>
    69:72:void onAdLoaded(com.cmcm.adsdk.banner.CMAdView) -> onAdLoaded
    76:77:void adFailedToLoad(com.cmcm.adsdk.banner.CMAdView,int) -> adFailedToLoad
    82:82:void onAdClicked(com.cmcm.adsdk.banner.CMAdView) -> onAdClicked
com.cmcm.ads.InterstitalAdSampleActivity -> com.cmcm.ads.InterstitalAdSampleActivity:
    com.cmcm.adsdk.interstitial.InterstitialAdManager interstitialAdManager -> a
    android.widget.Button showBtn -> b
    android.widget.Button loadBtn -> c
    java.lang.String posid -> d
    boolean isAdReady -> e
    20:25:void <init>() -> <init>
    29:49:void onCreate(android.os.Bundle) -> onCreate
    20:20:void access$000(com.cmcm.ads.InterstitalAdSampleActivity) -> a
    1053:1091:void requestInstitialAd():53:91 -> a
    1053:1091:void access$000(com.cmcm.ads.InterstitalAdSampleActivity):20 -> a
    20:20:com.cmcm.adsdk.interstitial.InterstitialAdManager access$100(com.cmcm.ads.InterstitalAdSampleActivity) -> b
    20:20:boolean access$200(com.cmcm.ads.InterstitalAdSampleActivity) -> c
    20:20:boolean access$202$4151bde9(com.cmcm.ads.InterstitalAdSampleActivity) -> d
com.cmcm.ads.InterstitalAdSampleActivity$1 -> com.cmcm.ads.InterstitalAdSampleActivity$1:
    com.cmcm.ads.InterstitalAdSampleActivity this$0 -> a
    33:33:void <init>(com.cmcm.ads.InterstitalAdSampleActivity) -> <init>
    36:37:void onClick(android.view.View) -> onClick
com.cmcm.ads.InterstitalAdSampleActivity$2 -> com.cmcm.ads.InterstitalAdSampleActivity$2:
    com.cmcm.ads.InterstitalAdSampleActivity this$0 -> a
    40:40:void <init>(com.cmcm.ads.InterstitalAdSampleActivity) -> <init>
    42:47:void onClick(android.view.View) -> onClick
com.cmcm.ads.InterstitalAdSampleActivity$3 -> com.cmcm.ads.InterstitalAdSampleActivity$3:
    com.cmcm.ads.InterstitalAdSampleActivity this$0 -> a
    61:61:void <init>(com.cmcm.ads.InterstitalAdSampleActivity) -> <init>
    64:65:void onAdLoadFailed(int) -> onAdLoadFailed
    69:71:void onAdLoaded() -> onAdLoaded
    75:76:void onAdClicked() -> onAdClicked
    81:81:void onAdDisplayed() -> onAdDisplayed
    86:86:void onAdDismissed() -> onAdDismissed
com.cmcm.ads.MainActivity -> com.cmcm.ads.MainActivity:
    java.util.Map mActionMap -> a
    15:16:void <init>() -> <init>
    20:27:void onCreate(android.os.Bundle) -> onCreate
    30:39:void click(android.view.View) -> click
...
android.support.v4.app.NotificationCompat$NotificationCompatImplBase -> android.support.v4.app.NotificationCompat$NotificationCompatImplBase:
    473:473:void <init>() -> <init>
    476:483:android.app.Notification build(android.support.v4.app.NotificationCompat$Builder,android.support.v4.app.NotificationCompat$BuilderExtender) -> build
    488:488:android.os.Bundle getExtras(android.app.Notification) -> getExtras
    493:493:int getActionCount(android.app.Notification) -> getActionCount
    498:498:android.support.v4.app.NotificationCompat$Action getAction(android.app.Notification,int) -> getAction
    504:504:android.support.v4.app.NotificationCompat$Action[] getActionsFromParcelableArrayList(java.util.ArrayList) -> getActionsFromParcelableArrayList
    509:509:java.util.ArrayList getParcelableArrayListForActions(android.support.v4.app.NotificationCompat$Action[]) -> getParcelableArrayListForActions
    514:514:java.lang.String getCategory(android.app.Notification) -> getCategory
    519:519:boolean getLocalOnly(android.app.Notification) -> getLocalOnly
    524:524:java.lang.String getGroup(android.app.Notification) -> getGroup
    529:529:boolean isGroupSummary(android.app.Notification) -> isGroupSummary
    534:534:java.lang.String getSortKey(android.app.Notification) -> getSortKey
    539:539:android.os.Bundle getBundleForUnreadConversation(android.support.v4.app.NotificationCompatBase$UnreadConversation) -> getBundleForUnreadConversation
android.support.v4.app.NotificationCompat$NotificationCompatImplGingerbread -> android.support.v4.app.NotificationCompat$NotificationCompatImplGingerbread:
    550:550:void <init>() -> <init>
    553:562:android.app.Notification build(android.support.v4.app.NotificationCompat$Builder,android.support.v4.app.NotificationCompat$BuilderExtender) -> build
android.support.v4.app.NotificationCompat$NotificationCompatImplHoneycomb -> android.support.v4.app.NotificationCompat$NotificationCompatImplHoneycomb:
    566:566:void <init>() -> <init>
    569:569:android.app.Notification build(android.support.v4.app.NotificationCompat$Builder,android.support.v4.app.NotificationCompat$BuilderExtender) -> build
android.support.v4.app.NotificationCompat$NotificationCompatImplIceCreamSandwich -> android.support.v4.app.NotificationCompat$NotificationCompatImplIceCreamSandwich:
    575:575:void <init>() -> <init>
    578:583:android.app.Notification build(android.support.v4.app.NotificationCompat$Builder,android.support.v4.app.NotificationCompat$BuilderExtender) -> build
android.support.v4.app.NotificationCompat$NotificationCompatImplJellybean -> android.support.v4.app.NotificationCompat$NotificationCompatImplJellybean:
    587:587:void <init>() -> <init>
    590:598:android.app.Notification build(android.support.v4.app.NotificationCompat$Builder,android.support.v4.app.NotificationCompat$BuilderExtender) -> build
    603:603:android.os.Bundle getExtras(android.app.Notification) -> getExtras
    608:608:int getActionCount(android.app.Notification) -> getActionCount
    613:613:android.support.v4.app.NotificationCompat$Action getAction(android.app.Notification,int) -> getAction
    620:620:android.support.v4.app.NotificationCompat$Action[] getActionsFromParcelableArrayList(java.util.ArrayList) -> getActionsFromParcelableArrayList
    627:627:java.util.ArrayList getParcelableArrayListForActions(android.support.v4.app.NotificationCompat$Action[]) -> getParcelableArrayListForActions
    632:632:boolean getLocalOnly(android.app.Notification) -> getLocalOnly
    637:637:java.lang.String getGroup(android.app.Notification) -> getGroup
    642:642:boolean isGroupSummary(android.app.Notification) -> isGroupSummary
    647:647:java.lang.String getSortKey(android.app.Notification) -> getSortKey