pegasi_simple/build/outputs/mapping/world/release/usage.txt
com.cmcm.ads.BuildConfig
com.cmcm.ads.R
com.cmcm.ads.R$anim
com.cmcm.ads.R$attr
com.cmcm.ads.R$color
com.cmcm.ads.R$dimen
com.cmcm.ads.R$drawable
com.cmcm.ads.R$id
com.cmcm.ads.R$integer
com.cmcm.ads.R$layout
com.cmcm.ads.R$raw
com.cmcm.ads.R$string
com.cmcm.ads.R$style
com.cmcm.ads.R$styleable
com.cmcm.ads.ui.OrionNativeAdview:
    56:59:public OrionNativeAdview(android.content.Context,android.util.AttributeSet)
com.cmcm.ads.utils.VolleyUtil:
    private static com.android.volley.toolbox.ImageLoader$ImageListener preloadImageListener
    17:90:public VolleyUtil()
    68:88:public static void preloadImage(java.lang.String)
com.cmcm.ads.utils.VolleyUtil$2
...
android.support.annotation.AnyRes
android.support.annotation.ArrayRes
android.support.annotation.AttrRes
android.support.annotation.BinderThread
android.support.annotation.BoolRes
android.support.annotation.CallSuper
android.support.annotation.CheckResult
android.support.annotation.ColorInt
android.support.annotation.ColorRes
android.support.annotation.DimenRes
android.support.annotation.DrawableRes
android.support.annotation.FloatRange
android.support.annotation.FractionRes
android.support.annotation.IdRes
android.support.annotation.IntDef
android.support.annotation.IntRange
android.support.annotation.IntegerRes
android.support.annotation.InterpolatorRes
android.support.annotation.Keep
android.support.annotation.LayoutRes
android.support.annotation.MainThread
android.support.annotation.MenuRes
android.support.annotation.NonNull
android.support.annotation.Nullable
android.support.annotation.PluralsRes
android.support.annotation.RawRes
android.support.annotation.RequiresPermission
android.support.annotation.RequiresPermission$Read
android.support.annotation.RequiresPermission$Write
android.support.annotation.Size
android.support.annotation.StringDef
android.support.annotation.StringRes
android.support.annotation.StyleRes
android.support.annotation.StyleableRes
android.support.annotation.TransitionRes
android.support.annotation.UiThread
android.support.annotation.VisibleForTesting
android.support.annotation.WorkerThread
android.support.annotation.XmlRes
com.android.volley.AuthFailureError:
    31:33:public AuthFailureError(android.content.Intent)
    40:41:public AuthFailureError(java.lang.String)
    44:45:public AuthFailureError(java.lang.String,java.lang.Exception)
    48:48:public android.content.Intent getResolutionIntent()
com.android.volley.BuildConfig
com.android.volley.Cache:
    public abstract void invalidate(java.lang.String,boolean)
    public abstract void remove(java.lang.String)
    public abstract void clear()
com.android.volley.DefaultRetryPolicy:
    public static final int DEFAULT_TIMEOUT_MS
    public static final int DEFAULT_MAX_RETRIES
    public static final float DEFAULT_BACKOFF_MULT
    83:83:public float getBackoffMultiplier()
com.android.volley.ExecutorDelivery:
    49:51:public ExecutorDelivery(java.util.concurrent.Executor)
com.android.volley.NetworkResponse:
    47:48:public NetworkResponse(int,byte[],java.util.Map,boolean)
    51:52:public NetworkResponse(byte[])
com.android.volley.Request:
    private static final java.lang.String DEFAULT_PARAMS_ENCODING
    private static final long SLOW_REQUEST_THRESHOLD_MS
    private java.lang.Object mTag
    122:123:public Request(java.lang.String,com.android.volley.Response$ErrorListener)
    154:155:public com.android.volley.Request setTag(java.lang.Object)
    163:163:public java.lang.Object getTag()
    170:170:public com.android.volley.Response$ErrorListener getErrorListener()
    277:280:public final int getSequence()
    478:479:public final com.android.volley.Request setShouldCache(boolean)
com.android.volley.Request$Method
com.android.volley.RequestQueue:
    private static final int DEFAULT_NETWORK_THREAD_POOL_SIZE
    181:181:public com.android.volley.Cache getCache()
    197:204:public void cancelAll(com.android.volley.RequestQueue$RequestFilter)
    211:220:public void cancelAll(java.lang.Object)
    304:307:public void addRequestFinishedListener(com.android.volley.RequestQueue$RequestFinishedListener)
    313:316:public void removeRequestFinishedListener(com.android.volley.RequestQueue$RequestFinishedListener)
com.android.volley.RequestQueue$1
com.android.volley.RequestQueue$RequestFilter
com.android.volley.VolleyError:
    36:38:public VolleyError(java.lang.String)
    41:43:public VolleyError(java.lang.String,java.lang.Throwable)
    55:55:public long getNetworkTimeMs()